  Document.cpp
  Queue.cpp
  Source.cpp
C:\Users\Hp\source\repos\Printer DZ\Printer DZ\Source.cpp(166,9): error C2143: синтаксическая ошибка: отсутствие ";" перед "*"
C:\Users\Hp\source\repos\Printer DZ\Printer DZ\Source.cpp(166,9): error C4430: отсутствует спецификатор типа - предполагается int. Примечание. C++ не поддерживает int по умолчанию
C:\Users\Hp\source\repos\Printer DZ\Printer DZ\Source.cpp(166,15): error C2238: непредвиденные лексемы перед ";"
C:\Users\Hp\source\repos\Printer DZ\Printer DZ\Source.cpp(171,5): error C2061: синтаксическая ошибка: идентификатор "Time"
C:\Users\Hp\source\repos\Printer DZ\Printer DZ\Source.cpp(207,9): error C2143: синтаксическая ошибка: отсутствие ";" перед "&"
C:\Users\Hp\source\repos\Printer DZ\Printer DZ\Source.cpp(207,9): error C4430: отсутствует спецификатор типа - предполагается int. Примечание. C++ не поддерживает int по умолчанию
C:\Users\Hp\source\repos\Printer DZ\Printer DZ\Source.cpp(208,5): error C2334: непредвиденные лексемы перед "{"; пропуск вероятного тела функции
C:\Users\Hp\source\repos\Printer DZ\Printer DZ\Source.cpp(169,37): error C2614: Document: недопустимая инициализация члена: "time" не является базовым классом или членом
C:\Users\Hp\source\repos\Printer DZ\Printer DZ\Source.cpp(175,1): error C2039: time: не является членом "Document"
C:\Users\Hp\source\repos\Printer DZ\Printer DZ\Source.cpp(161): message : см. объявление "Document"
C:\Users\Hp\source\repos\Printer DZ\Printer DZ\Source.cpp(175,22): error C2065: time: необъявленный идентификатор
C:\Users\Hp\source\repos\Printer DZ\Printer DZ\Source.cpp(182,1): error C2039: time: не является членом "Document"
C:\Users\Hp\source\repos\Printer DZ\Printer DZ\Source.cpp(161): message : см. объявление "Document"
C:\Users\Hp\source\repos\Printer DZ\Printer DZ\Source.cpp(203,1): error C2039: time: не является членом "Document"
C:\Users\Hp\source\repos\Printer DZ\Printer DZ\Source.cpp(161): message : см. объявление "Document"
C:\Users\Hp\source\repos\Printer DZ\Printer DZ\Source.cpp(204,1): error C2039: time: не является членом "Document"
C:\Users\Hp\source\repos\Printer DZ\Printer DZ\Source.cpp(161): message : см. объявление "Document"
C:\Users\Hp\source\repos\Printer DZ\Printer DZ\Source.cpp(205,1): error C2039: time: не является членом "Document"
C:\Users\Hp\source\repos\Printer DZ\Printer DZ\Source.cpp(161): message : см. объявление "Document"
C:\Users\Hp\source\repos\Printer DZ\Printer DZ\Source.cpp(224,5): error C2065: Time: необъявленный идентификатор
C:\Users\Hp\source\repos\Printer DZ\Printer DZ\Source.cpp(224,10): error C2146: синтаксическая ошибка: отсутствие ";" перед идентификатором "time"
C:\Users\Hp\source\repos\Printer DZ\Printer DZ\Source.cpp(224,10): error C3861: time: идентификатор не найден
C:\Users\Hp\source\repos\Printer DZ\Printer DZ\Source.cpp(225,40): error C2065: time: необъявленный идентификатор
C:\Users\Hp\source\repos\Printer DZ\Printer DZ\Source.cpp(225,49): error C2440: инициализация: невозможно преобразовать "initializer list" в "Document"
C:\Users\Hp\source\repos\Printer DZ\Printer DZ\Source.cpp(225,49): message : Ни один конструктор не смог принять исходный тип, либо разрешение перегрузки конструктора неоднозначно
C:\Users\Hp\source\repos\Printer DZ\Printer DZ\Source.cpp(228,5): error C2065: Time: необъявленный идентификатор
C:\Users\Hp\source\repos\Printer DZ\Printer DZ\Source.cpp(228,10): error C2146: синтаксическая ошибка: отсутствие ";" перед идентификатором "time1"
C:\Users\Hp\source\repos\Printer DZ\Printer DZ\Source.cpp(228,10): error C3861: time1: идентификатор не найден
C:\Users\Hp\source\repos\Printer DZ\Printer DZ\Source.cpp(229,46): error C2065: time1: необъявленный идентификатор
C:\Users\Hp\source\repos\Printer DZ\Printer DZ\Source.cpp(229,56): error C2440: инициализация: невозможно преобразовать "initializer list" в "Document"
C:\Users\Hp\source\repos\Printer DZ\Printer DZ\Source.cpp(229,56): message : Ни один конструктор не смог принять исходный тип, либо разрешение перегрузки конструктора неоднозначно
C:\Users\Hp\source\repos\Printer DZ\Printer DZ\Source.cpp(232,5): error C2065: Time: необъявленный идентификатор
C:\Users\Hp\source\repos\Printer DZ\Printer DZ\Source.cpp(232,10): error C2146: синтаксическая ошибка: отсутствие ";" перед идентификатором "time2"
C:\Users\Hp\source\repos\Printer DZ\Printer DZ\Source.cpp(232,10): error C3861: time2: идентификатор не найден
C:\Users\Hp\source\repos\Printer DZ\Printer DZ\Source.cpp(233,50): error C2065: time2: необъявленный идентификатор
C:\Users\Hp\source\repos\Printer DZ\Printer DZ\Source.cpp(233,59): error C2440: инициализация: невозможно преобразовать "initializer list" в "Document"
C:\Users\Hp\source\repos\Printer DZ\Printer DZ\Source.cpp(233,59): message : Ни один конструктор не смог принять исходный тип, либо разрешение перегрузки конструктора неоднозначно
  Time.cpp
C:\Users\Hp\source\repos\Printer DZ\Printer DZ\Time.cpp(20,9): error C2065: cout: необъявленный идентификатор
C:\Users\Hp\source\repos\Printer DZ\Printer DZ\Time.cpp(20,76): error C2065: endl: необъявленный идентификатор
  Создание кода...
